#
# A fatal error has been detected by the Java Runtime Environment:
#
#  EXCEPTION_ACCESS_VIOLATION (0xc0000005) at pc=0x00007ffb1dd424c4, pid=21816, tid=5128
#
# JRE version: Java(TM) SE Runtime Environment (11.0.5+10) (build 11.0.5+10-LTS)
# Java VM: Java HotSpot(TM) 64-Bit Server VM (11.0.5+10-LTS, mixed mode, tiered, compressed oops, g1 gc, windows-amd64)
# Problematic frame:
# C  [ig9icd64.dll+0x124c4]
#
# No core dump will be written. Minidumps are not enabled by default on client versions of Windows
#
# If you would like to submit a bug report, please visit:
#   http://bugreport.java.com/bugreport/crash.jsp
# The crash happened outside the Java Virtual Machine in native code.
# See problematic frame for where to report the bug.
#

---------------  S U M M A R Y ------------

Command Line: -javaagent:C:\Program Files\JetBrains\IntelliJ IDEA Community Edition 2019.3.1\lib\idea_rt.jar=63098:C:\Program Files\JetBrains\IntelliJ IDEA Community Edition 2019.3.1\bin -Dfile.encoding=UTF-8 edu.cg.Main

Host: Intel(R) Core(TM) i7-7500U CPU @ 2.70GHz, 4 cores, 7G,  Windows 10 , 64 bit Build 18362 (10.0.18362.900)
Time: Tue Jun 30 14:37:18 2020 Jerusalem Daylight Time elapsed time: 67 seconds (0d 0h 1m 7s)

---------------  T H R E A D  ---------------

Current thread (0x000001a8909ae800):  JavaThread "AWT-EventQueue-0" [_thread_in_native, id=5128, stack(0x00000031ef000000,0x00000031ef100000)]

Stack: [0x00000031ef000000,0x00000031ef100000],  sp=0x00000031ef0fa490,  free space=1001k
Native frames: (J=compiled Java code, j=interpreted, Vv=VM code, C=native code)
C  [ig9icd64.dll+0x124c4]

Java frames: (J=compiled Java code, j=interpreted, Vv=VM code)
J 1507  jogamp.opengl.gl4.GL4bcImpl.dispatch_glDisable1(IJ)V (0 bytes) @ 0x000001a887b6907b [0x000001a887b69040+0x000000000000003b]
J 1935 c2 jogamp.opengl.gl4.GL4bcImpl.glDisable(I)V (43 bytes) @ 0x000001a887b8f484 [0x000001a887b8f440+0x0000000000000044]
J 1493 c2 edu.cg.models.TrackSegment.renderQuadraticTexture(Lcom/jogamp/opengl/GL2;Lcom/jogamp/opengl/util/texture/Texture;DDID)V (321 bytes) @ 0x000001a887b672d0 [0x000001a887b66920+0x00000000000009b0]
J 2040 c1 edu.cg.models.TrackSegment.renderGrass(Lcom/jogamp/opengl/GL2;)V (81 bytes) @ 0x000001a88097baec [0x000001a88097b8c0+0x000000000000022c]
J 2383 c1 edu.cg.models.Track.render(Lcom/jogamp/opengl/GL2;)V (40 bytes) @ 0x000001a880ab4b54 [0x000001a880ab4980+0x00000000000001d4]
J 2369 c1 edu.cg.NeedForSpeed.display(Lcom/jogamp/opengl/GLAutoDrawable;)V (144 bytes) @ 0x000001a880aab2d4 [0x000001a880aaaaa0+0x0000000000000834]
J 2368 c1 jogamp.opengl.GLDrawableHelper.displayImpl(Lcom/jogamp/opengl/GLAutoDrawable;)V (86 bytes) @ 0x000001a880aa95f4 [0x000001a880aa8ba0+0x0000000000000a54]
J 2366 c1 com.jogamp.opengl.awt.GLJPanel$Updater.display(Lcom/jogamp/opengl/GLAutoDrawable;)V (221 bytes) @ 0x000001a880aa8284 [0x000001a880aa7f60+0x0000000000000324]
J 2331 c1 com.jogamp.opengl.awt.GLJPanel$10.run()V (15 bytes) @ 0x000001a880a974f4 [0x000001a880a97460+0x0000000000000094]
J 2329 c1 jogamp.opengl.GLDrawableHelper.invokeGLImpl(Lcom/jogamp/opengl/GLDrawable;Lcom/jogamp/opengl/GLContext;Ljava/lang/Runnable;Ljava/lang/Runnable;)V (579 bytes) @ 0x000001a880a93e5c [0x000001a880a93080+0x0000000000000ddc]
J 2328 c1 jogamp.opengl.GLDrawableHelper.invokeGL(Lcom/jogamp/opengl/GLDrawable;Lcom/jogamp/opengl/GLContext;Ljava/lang/Runnable;Ljava/lang/Runnable;)V (76 bytes) @ 0x000001a880a92a1c [0x000001a880a92960+0x00000000000000bc]
J 2327 c1 com.jogamp.opengl.awt.GLJPanel$OffscreenBackend.doPaintComponent(Ljava/awt/Graphics;)V (141 bytes) @ 0x000001a880a91dc4 [0x000001a880a91ce0+0x00000000000000e4]
J 2325 c1 com.jogamp.opengl.awt.GLJPanel.paintComponent(Ljava/awt/Graphics;)V (250 bytes) @ 0x000001a880a8f6bc [0x000001a880a8e300+0x00000000000013bc]
J 2076 c1 javax.swing.JComponent.paint(Ljava/awt/Graphics;)V java.desktop@11.0.5 (409 bytes) @ 0x000001a880999284 [0x000001a880997ba0+0x00000000000016e4]
J 2250 c1 javax.swing.JComponent.paintToOffscreen(Ljava/awt/Graphics;IIIIII)V java.desktop@11.0.5 (108 bytes) @ 0x000001a880a59b44 [0x000001a880a59800+0x0000000000000344]
J 2167 c1 javax.swing.RepaintManager$PaintManager.paintDoubleBufferedImpl(Ljavax/swing/JComponent;Ljava/awt/Image;Ljava/awt/Graphics;IIII)V java.desktop@11.0.5 (294 bytes) @ 0x000001a8809ec6a4 [0x000001a8809ebfc0+0x00000000000006e4]
J 2317 c1 javax.swing.RepaintManager$PaintManager.paintDoubleBuffered(Ljavax/swing/JComponent;Ljava/awt/Image;Ljava/awt/Graphics;IIII)V java.desktop@11.0.5 (50 bytes) @ 0x000001a880a899fc [0x000001a880a89780+0x000000000000027c]
J 2269 c1 javax.swing.RepaintManager$PaintManager.paint(Ljavax/swing/JComponent;Ljavax/swing/JComponent;Ljava/awt/Graphics;IIII)Z java.desktop@11.0.5 (201 bytes) @ 0x000001a880a674a4 [0x000001a880a66880+0x0000000000000c24]
J 2195 c1 javax.swing.RepaintManager.paint(Ljavax/swing/JComponent;Ljavax/swing/JComponent;Ljava/awt/Graphics;IIII)V java.desktop@11.0.5 (93 bytes) @ 0x000001a880a0808c [0x000001a880a07c40+0x000000000000044c]
J 2244 c1 javax.swing.JComponent._paintImmediately(IIII)V java.desktop@11.0.5 (891 bytes) @ 0x000001a880a51dcc [0x000001a880a4f0a0+0x0000000000002d2c]
J 2272 c1 javax.swing.JComponent.paintImmediately(IIII)V java.desktop@11.0.5 (155 bytes) @ 0x000001a880a6c0cc [0x000001a880a6b340+0x0000000000000d8c]
J 2224 c1 javax.swing.RepaintManager$4.run()Ljava/lang/Void; java.desktop@11.0.5 (277 bytes) @ 0x000001a880a2742c [0x000001a880a26da0+0x000000000000068c]
J 2223 c1 javax.swing.RepaintManager$4.run()Ljava/lang/Object; java.desktop@11.0.5 (5 bytes) @ 0x000001a880a268c4 [0x000001a880a26840+0x0000000000000084]
v  ~StubRoutines::call_stub
J 1700  java.security.AccessController.doPrivileged(Ljava/security/PrivilegedAction;Ljava/security/AccessControlContext;)Ljava/lang/Object; java.base@11.0.5 (0 bytes) @ 0x000001a887b79826 [0x000001a887b797c0+0x0000000000000066]
J 1975 c1 javax.swing.RepaintManager.paintDirtyRegions(Ljava/util/Map;)V java.desktop@11.0.5 (196 bytes) @ 0x000001a88094efec [0x000001a88094de20+0x00000000000011cc]
J 1974 c1 javax.swing.RepaintManager.paintDirtyRegions()V java.desktop@11.0.5 (50 bytes) @ 0x000001a880950964 [0x000001a8809506e0+0x0000000000000284]
J 2160 c1 com.jogamp.opengl.util.AWTAnimatorImpl$1.run()V (405 bytes) @ 0x000001a8809e58ac [0x000001a8809e3420+0x000000000000248c]
J 1929 c1 java.awt.event.InvocationEvent.dispatch()V java.desktop@11.0.5 (69 bytes) @ 0x000001a880941964 [0x000001a880941820+0x0000000000000144]
J 1990 c1 java.awt.EventQueue.dispatchEventImpl(Ljava/awt/AWTEvent;Ljava/lang/Object;)V java.desktop@11.0.5 (136 bytes) @ 0x000001a88095c8fc [0x000001a88095b0c0+0x000000000000183c]
J 1989 c1 java.awt.EventQueue$4.run()Ljava/lang/Void; java.desktop@11.0.5 (60 bytes) @ 0x000001a88095a92c [0x000001a88095a800+0x000000000000012c]
J 1988 c1 java.awt.EventQueue$4.run()Ljava/lang/Object; java.desktop@11.0.5 (5 bytes) @ 0x000001a880959544 [0x000001a8809594c0+0x0000000000000084]
v  ~StubRoutines::call_stub
J 1700  java.security.AccessController.doPrivileged(Ljava/security/PrivilegedAction;Ljava/security/AccessControlContext;)Ljava/lang/Object; java.base@11.0.5 (0 bytes) @ 0x000001a887b79826 [0x000001a887b797c0+0x0000000000000066]
J 1836 c1 java.awt.EventQueue.dispatchEvent(Ljava/awt/AWTEvent;)V java.desktop@11.0.5 (80 bytes) @ 0x000001a88090f73c [0x000001a88090f020+0x000000000000071c]
J 1839 c1 java.awt.EventDispatchThread.pumpOneEventForFilters(I)V java.desktop@11.0.5 (113 bytes) @ 0x000001a88091292c [0x000001a880912220+0x000000000000070c]
j  java.awt.EventDispatchThread.pumpEventsForFilter(ILjava/awt/Conditional;Ljava/awt/EventFilter;)V+35 java.desktop@11.0.5
j  java.awt.EventDispatchThread.pumpEventsForHierarchy(ILjava/awt/Conditional;Ljava/awt/Component;)V+11 java.desktop@11.0.5
j  java.awt.EventDispatchThread.pumpEvents(ILjava/awt/Conditional;)V+4 java.desktop@11.0.5
j  java.awt.EventDispatchThread.pumpEvents(Ljava/awt/Conditional;)V+3 java.desktop@11.0.5
j  java.awt.EventDispatchThread.run()V+9 java.desktop@11.0.5
v  ~StubRoutines::call_stub

siginfo: EXCEPTION_ACCESS_VIOLATION (0xc0000005), writing address 0x0000000000000000


Register to memory mapping:

RIP=0x00007ffb1dd424c4 ig9icd64.dll
RAX=0x0 is NULL
RBX=0x000001a890d942c8 points into unknown readable memory: 80 6a c1 90 a8 01 00 00
RCX=0x0000000000000010 is an unknown value
RDX=0x00007ffb1dd30000 ig9icd64.dll
RSP=0x00000031ef0fa490 is pointing into the stack for thread: 0x000001a8909ae800
RBP=0x0 is NULL
RSI=0x000001a890d6b240 points into unknown readable memory: c0 7f cd fe a8 01 00 00
RDI=0x0000000000000010 is an unknown value
R8 =0x0000000000000010 is an unknown value
R9 =0x000001a890d957e0 points into unknown readable memory: 00 00 00 00 00 00 00 00
R10=0x0 is NULL
R11=0x0000000000000246 is an unknown value
R12=0x0 is NULL
R13=0x0000000088727350 is an oop: java.lang.ThreadLocal$ThreadLocalMap$Entry 
{0x0000000088727350} - klass: 'java/lang/ThreadLocal$ThreadLocalMap$Entry'
R14=0x000001a890d942c8 points into unknown readable memory: 80 6a c1 90 a8 01 00 00
R15=0x000001a8909ae800 is a thread


Registers:
RAX=0x0000000000000000, RBX=0x000001a890d942c8, RCX=0x0000000000000010, RDX=0x00007ffb1dd30000
RSP=0x00000031ef0fa490, RBP=0x0000000000000000, RSI=0x000001a890d6b240, RDI=0x0000000000000010
R8 =0x0000000000000010, R9 =0x000001a890d957e0, R10=0x0000000000000000, R11=0x0000000000000246
R12=0x0000000000000000, R13=0x0000000088727350, R14=0x000001a890d942c8, R15=0x000001a8909ae800
RIP=0x00007ffb1dd424c4, EFLAGS=0x0000000000010206

Top of Stack: (sp=0x00000031ef0fa490)
0x00000031ef0fa490:   000001a890d942c8 0000000000000000
0x00000031ef0fa4a0:   000001a890d6b240 000000000000000a
0x00000031ef0fa4b0:   0000000000000010 00007ffb1ddf270a
0x00000031ef0fa4c0:   000001a890d942c8 000001a890d6b240
0x00000031ef0fa4d0:   0000000000000000 00000031ef0fa5d0
0x00000031ef0fa4e0:   0000000000000de1 00007ffb1ddbfd6b
0x00000031ef0fa4f0:   000001a890d6b240 00000000887271c8
0x00000031ef0fa500:   00000031ef0fa5d0 0000000000000000
0x00000031ef0fa510:   000001a890d6b240 00007ffb1deb5e3e
0x00000031ef0fa520:   3ff0000000000000 000401014a1c8005
0x00000031ef0fa530:   ffffffff00082834 ffffffffffffffff
0x00000031ef0fa540:   fffffffffffe0000 000001a8ffffffff
0x00000031ef0fa550:   000001a8909ae800 00000000887271c8
0x00000031ef0fa560:   0000000000000000 000001a887b6911b
0x00000031ef0fa570:   0000000000000009 00007ffb5bb900d0
0x00000031ef0fa580:   3ff0000000000000 0000000000000000 

Instructions: (pc=0x00007ffb1dd424c4)
0x00007ffb1dd424a4:   41 8b 41 e0 89 41 e0 41 8b 41 e4 89 41 e4 41 8b
0x00007ffb1dd424b4:   41 e8 89 41 e8 41 8b 41 ec 89 41 ec 41 8b 41 f0
0x00007ffb1dd424c4:   89 41 f0 e9 61 03 00 00 48 8b c1 83 e0 0f 74 3f
0x00007ffb1dd424d4:   ba 10 00 00 00 48 2b d0 48 8b c2 48 03 ca 48 c1 


Stack slot to memory mapping:
stack at sp + 0 slots: 0x000001a890d942c8 points into unknown readable memory: 80 6a c1 90 a8 01 00 00
stack at sp + 1 slots: 0x0 is NULL
stack at sp + 2 slots: 0x000001a890d6b240 points into unknown readable memory: c0 7f cd fe a8 01 00 00
stack at sp + 3 slots: 0x000000000000000a is an unknown value
stack at sp + 4 slots: 0x0000000000000010 is an unknown value
stack at sp + 5 slots: 0x00007ffb1ddf270a ig9icd64.dll
stack at sp + 6 slots: 0x000001a890d942c8 points into unknown readable memory: 80 6a c1 90 a8 01 00 00
stack at sp + 7 slots: 0x000001a890d6b240 points into unknown readable memory: c0 7f cd fe a8 01 00 00


---------------  P R O C E S S  ---------------

Threads class SMR info:
_java_thread_list=0x000001a89085a710, length=18, elements={
0x000001a8fd8a4000, 0x000001a8fd8a5000, 0x000001a8fe222800, 0x000001a8fe223800,
0x000001a8fd8be800, 0x000001a8fd8c2800, 0x000001a8fd8dd000, 0x000001a8fe377000,
0x000001a8fe49a000, 0x000001a8fe49a800, 0x000001a8fe7b8000, 0x000001a8fe760800,
0x000001a8fe883800, 0x000001a890752000, 0x000001a8905c8000, 0x000001a8909ae800,
0x000001a8ee5ac000, 0x000001a890787800
}

Java Threads: ( => current thread )
  0x000001a8fd8a4000 JavaThread "Reference Handler" daemon [_thread_blocked, id=1860, stack(0x00000031ed900000,0x00000031eda00000)]
  0x000001a8fd8a5000 JavaThread "Finalizer" daemon [_thread_blocked, id=2012, stack(0x00000031eda00000,0x00000031edb00000)]
  0x000001a8fe222800 JavaThread "Signal Dispatcher" daemon [_thread_blocked, id=11812, stack(0x00000031edb00000,0x00000031edc00000)]
  0x000001a8fe223800 JavaThread "Attach Listener" daemon [_thread_blocked, id=22552, stack(0x00000031edc00000,0x00000031edd00000)]
  0x000001a8fd8be800 JavaThread "C2 CompilerThread0" daemon [_thread_blocked, id=15456, stack(0x00000031edd00000,0x00000031ede00000)]
  0x000001a8fd8c2800 JavaThread "C1 CompilerThread0" daemon [_thread_blocked, id=13756, stack(0x00000031ede00000,0x00000031edf00000)]
  0x000001a8fd8dd000 JavaThread "Sweeper thread" daemon [_thread_blocked, id=11968, stack(0x00000031edf00000,0x00000031ee000000)]
  0x000001a8fe377000 JavaThread "Common-Cleaner" daemon [_thread_blocked, id=21880, stack(0x00000031ee000000,0x00000031ee100000)]
  0x000001a8fe49a000 JavaThread "Monitor Ctrl-Break" daemon [_thread_in_native, id=17780, stack(0x00000031ee100000,0x00000031ee200000)]
  0x000001a8fe49a800 JavaThread "Service Thread" daemon [_thread_blocked, id=23980, stack(0x00000031ee200000,0x00000031ee300000)]
  0x000001a8fe7b8000 JavaThread "Java2D Disposer" daemon [_thread_blocked, id=13268, stack(0x00000031ee500000,0x00000031ee600000)]
  0x000001a8fe760800 JavaThread "AWT-Windows" daemon [_thread_in_native, id=15956, stack(0x00000031ee700000,0x00000031ee800000)]
  0x000001a8fe883800 JavaThread "main-SharedResourceRunner" daemon [_thread_blocked, id=916, stack(0x00000031eec00000,0x00000031eed00000)]
  0x000001a890752000 JavaThread "Timer-0" [_thread_blocked, id=22640, stack(0x00000031ee600000,0x00000031ee700000)]
  0x000001a8905c8000 JavaThread "AWT-Shutdown" [_thread_blocked, id=14332, stack(0x00000031ee800000,0x00000031ee900000)]
=>0x000001a8909ae800 JavaThread "AWT-EventQueue-0" [_thread_in_native, id=5128, stack(0x00000031ef000000,0x00000031ef100000)]
  0x000001a8ee5ac000 JavaThread "DestroyJavaVM" [_thread_blocked, id=6548, stack(0x00000031ed200000,0x00000031ed300000)]
  0x000001a890787800 JavaThread "AWT-EventQueue-0-FPSAWTAnimator#00-Timer0" [_thread_blocked, id=21248, stack(0x00000031ef200000,0x00000031ef300000)]

Other Threads:
  0x000001a8fd87d000 VMThread "VM Thread" [stack: 0x00000031ed800000,0x00000031ed900000] [id=20764]
  0x000001a8fe4a5000 WatcherThread [stack: 0x00000031ee300000,0x00000031ee400000] [id=14956]
  0x000001a8ee5c4800 GCTaskThread "GC Thread#0" [stack: 0x00000031ed300000,0x00000031ed400000] [id=8692]
  0x000001a8feb2a800 GCTaskThread "GC Thread#1" [stack: 0x00000031ee900000,0x00000031eea00000] [id=6476]
  0x000001a8feb51000 GCTaskThread "GC Thread#2" [stack: 0x00000031eea00000,0x00000031eeb00000] [id=19416]
  0x000001a8feb51800 GCTaskThread "GC Thread#3" [stack: 0x00000031eeb00000,0x00000031eec00000] [id=7908]
  0x000001a8ec44d000 ConcurrentGCThread "G1 Main Marker" [stack: 0x00000031ed400000,0x00000031ed500000] [id=24512]
  0x000001a8ec44e000 ConcurrentGCThread "G1 Conc#0" [stack: 0x00000031ed500000,0x00000031ed600000] [id=18928]
  0x000001a8fd6f0800 ConcurrentGCThread "G1 Refine#0" [stack: 0x00000031ed600000,0x00000031ed700000] [id=16856]
  0x000001a8fd6f1000 ConcurrentGCThread "G1 Young RemSet Sampling" [stack: 0x00000031ed700000,0x00000031ed800000] [id=21424]

Threads with active compile tasks:

VM state:not at safepoint (normal execution)

VM Mutex/Monitor currently owned by a thread: None

Heap address: 0x0000000082800000, size: 2008 MB, Compressed Oops mode: 32-bit
Narrow klass base: 0x0000000000000000, Narrow klass shift: 3
Compressed class space size: 1073741824 Address: 0x0000000100000000

Heap:
 garbage-first heap   total 129024K, used 35832K [0x0000000082800000, 0x0000000100000000)
  region size 1024K, 24 young (24576K), 3 survivors (3072K)
 Metaspace       used 22664K, capacity 23108K, committed 23216K, reserved 1071104K
  class space    used 2043K, capacity 2264K, committed 2304K, reserved 1048576K
Heap Regions: E=young(eden), S=young(survivor), O=old, HS=humongous(starts), HC=humongous(continues), CS=collection set, F=free, A=archive, TAMS=top-at-mark-start (previous, next)
|   0|0x0000000082800000, 0x0000000082900000, 0x0000000082900000|100%|HS|  |TAMS 0x0000000082800000, 0x0000000082800000| Complete 
|   1|0x0000000082900000, 0x0000000082a00000, 0x0000000082a00000|100%| O|  |TAMS 0x00000000829abc00, 0x0000000082900000| Untracked 
|   2|0x0000000082a00000, 0x0000000082b00000, 0x0000000082b00000|100%|HS|  |TAMS 0x0000000082b00000, 0x0000000082a00000| Complete 
|   3|0x0000000082b00000, 0x0000000082c00000, 0x0000000082c00000|100%|HC|  |TAMS 0x0000000082c00000, 0x0000000082b00000| Complete 
|   4|0x0000000082c00000, 0x0000000082d00000, 0x0000000082d00000|100%|HS|  |TAMS 0x0000000082c00000, 0x0000000082c00000| Complete 
|   5|0x0000000082d00000, 0x0000000082e00000, 0x0000000082e00000|100%|HC|  |TAMS 0x0000000082d00000, 0x0000000082d00000| Complete 
|   6|0x0000000082e00000, 0x0000000082f00000, 0x0000000082f00000|100%|HS|  |TAMS 0x0000000082e00000, 0x0000000082e00000| Complete 
|   7|0x0000000082f00000, 0x0000000083000000, 0x0000000083000000|100%|HS|  |TAMS 0x0000000082f00000, 0x0000000082f00000| Complete 
|   8|0x0000000083000000, 0x0000000083100000, 0x0000000083100000|100%|HC|  |TAMS 0x0000000083000000, 0x0000000083000000| Complete 
|   9|0x0000000083100000, 0x0000000083200000, 0x0000000083200000|100%|HS|  |TAMS 0x0000000083100000, 0x0000000083100000| Complete 
|  10|0x0000000083200000, 0x0000000083300000, 0x0000000083300000|100%|HC|  |TAMS 0x0000000083200000, 0x0000000083200000| Complete 
|  11|0x0000000083300000, 0x0000000083400000, 0x0000000083400000|100%| O|  |TAMS 0x0000000083300000, 0x0000000083300000| Untracked 
|  12|0x0000000083400000, 0x00000000834acc00, 0x0000000083500000| 67%| O|  |TAMS 0x0000000083400000, 0x0000000083400000| Untracked 
|  13|0x0000000083500000, 0x0000000083500000, 0x0000000083600000|  0%| F|  |TAMS 0x0000000083500000, 0x0000000083500000| Untracked 
|  14|0x0000000083600000, 0x0000000083600000, 0x0000000083700000|  0%| F|  |TAMS 0x0000000083600000, 0x0000000083600000| Untracked 
|  15|0x0000000083700000, 0x0000000083700000, 0x0000000083800000|  0%| F|  |TAMS 0x0000000083700000, 0x0000000083700000| Untracked 
|  16|0x0000000083800000, 0x0000000083800000, 0x0000000083900000|  0%| F|  |TAMS 0x0000000083800000, 0x0000000083800000| Untracked 
|  17|0x0000000083900000, 0x0000000083900000, 0x0000000083a00000|  0%| F|  |TAMS 0x0000000083900000, 0x0000000083900000| Untracked 
|  18|0x0000000083a00000, 0x0000000083a00000, 0x0000000083b00000|  0%| F|  |TAMS 0x0000000083a00000, 0x0000000083a00000| Untracked 
|  19|0x0000000083b00000, 0x0000000083b00000, 0x0000000083c00000|  0%| F|  |TAMS 0x0000000083b00000, 0x0000000083b00000| Untracked 
|  20|0x0000000083c00000, 0x0000000083c00000, 0x0000000083d00000|  0%| F|  |TAMS 0x0000000083c00000, 0x0000000083c00000| Untracked 
|  21|0x0000000083d00000, 0x0000000083d00000, 0x0000000083e00000|  0%| F|  |TAMS 0x0000000083d00000, 0x0000000083d00000| Untracked 
|  22|0x0000000083e00000, 0x0000000083e00000, 0x0000000083f00000|  0%| F|  |TAMS 0x0000000083e00000, 0x0000000083e00000| Untracked 
|  23|0x0000000083f00000, 0x0000000083f00000, 0x0000000084000000|  0%| F|  |TAMS 0x0000000083f00000, 0x0000000083f00000| Untracked 
|  24|0x0000000084000000, 0x0000000084000000, 0x0000000084100000|  0%| F|  |TAMS 0x0000000084000000, 0x0000000084000000| Untracked 
|  25|0x0000000084100000, 0x0000000084100000, 0x0000000084200000|  0%| F|  |TAMS 0x0000000084100000, 0x0000000084100000| Untracked 
|  26|0x0000000084200000, 0x0000000084200000, 0x0000000084300000|  0%| F|  |TAMS 0x0000000084200000, 0x0000000084200000| Untracked 
|  27|0x0000000084300000, 0x0000000084300000, 0x0000000084400000|  0%| F|  |TAMS 0x0000000084300000, 0x0000000084300000| Untracked 
|  28|0x0000000084400000, 0x0000000084400000, 0x0000000084500000|  0%| F|  |TAMS 0x0000000084400000, 0x0000000084400000| Untracked 
|  29|0x0000000084500000, 0x0000000084500000, 0x0000000084600000|  0%| F|  |TAMS 0x0000000084500000, 0x0000000084500000| Untracked 
|  30|0x0000000084600000, 0x0000000084600000, 0x0000000084700000|  0%| F|  |TAMS 0x0000000084600000, 0x0000000084600000| Untracked 
|  31|0x0000000084700000, 0x0000000084700000, 0x0000000084800000|  0%| F|  |TAMS 0x0000000084700000, 0x0000000084700000| Untracked 
|  32|0x0000000084800000, 0x0000000084800000, 0x0000000084900000|  0%| F|  |TAMS 0x0000000084800000, 0x0000000084800000| Untracked 
|  33|0x0000000084900000, 0x0000000084900000, 0x0000000084a00000|  0%| F|  |TAMS 0x0000000084900000, 0x0000000084900000| Untracked 
|  34|0x0000000084a00000, 0x0000000084a00000, 0x0000000084b00000|  0%| F|  |TAMS 0x0000000084a00000, 0x0000000084a00000| Untracked 
|  35|0x0000000084b00000, 0x0000000084b00000, 0x0000000084c00000|  0%| F|  |TAMS 0x0000000084b00000, 0x0000000084b00000| Untracked 
|  36|0x0000000084c00000, 0x0000000084c00000, 0x0000000084d00000|  0%| F|  |TAMS 0x0000000084c00000, 0x0000000084c00000| Untracked 
|  37|0x0000000084d00000, 0x0000000084d00000, 0x0000000084e00000|  0%| F|  |TAMS 0x0000000084d00000, 0x0000000084d00000| Untracked 
|  38|0x0000000084e00000, 0x0000000084e00000, 0x0000000084f00000|  0%| F|  |TAMS 0x0000000084e00000, 0x0000000084e00000| Untracked 
|  39|0x0000000084f00000, 0x0000000084f00000, 0x0000000085000000|  0%| F|  |TAMS 0x0000000084f00000, 0x0000000084f00000| Untracked 
|  40|0x0000000085000000, 0x0000000085000000, 0x0000000085100000|  0%| F|  |TAMS 0x0000000085000000, 0x0000000085000000| Untracked 
|  41|0x0000000085100000, 0x0000000085100000, 0x0000000085200000|  0%| F|  |TAMS 0x0000000085100000, 0x0000000085100000| Untracked 
|  42|0x0000000085200000, 0x0000000085200000, 0x0000000085300000|  0%| F|  |TAMS 0x0000000085200000, 0x0000000085200000| Untracked 
|  43|0x0000000085300000, 0x0000000085300000, 0x0000000085400000|  0%| F|  |TAMS 0x0000000085300000, 0x0000000085300000| Untracked 
|  44|0x0000000085400000, 0x0000000085400000, 0x0000000085500000|  0%| F|  |TAMS 0x0000000085400000, 0x0000000085400000| Untracked 
|  45|0x0000000085500000, 0x0000000085500000, 0x0000000085600000|  0%| F|  |TAMS 0x0000000085500000, 0x0000000085500000| Untracked 
|  46|0x0000000085600000, 0x0000000085600000, 0x0000000085700000|  0%| F|  |TAMS 0x0000000085600000, 0x0000000085600000| Untracked 
|  47|0x0000000085700000, 0x0000000085700000, 0x0000000085800000|  0%| F|  |TAMS 0x0000000085700000, 0x0000000085700000| Untracked 
|  48|0x0000000085800000, 0x0000000085800000, 0x0000000085900000|  0%| F|  |TAMS 0x0000000085800000, 0x0000000085800000| Untracked 
|  49|0x0000000085900000, 0x0000000085900000, 0x0000000085a00000|  0%| F|  |TAMS 0x0000000085900000, 0x0000000085900000| Untracked 
|  50|0x0000000085a00000, 0x0000000085a00000, 0x0000000085b00000|  0%| F|  |TAMS 0x0000000085a00000, 0x0000000085a00000| Untracked 
|  51|0x0000000085b00000, 0x0000000085b00000, 0x0000000085c00000|  0%| F|  |TAMS 0x0000000085b00000, 0x0000000085b00000| Untracked 
|  52|0x0000000085c00000, 0x0000000085c00000, 0x0000000085d00000|  0%| F|  |TAMS 0x0000000085c00000, 0x0000000085c00000| Untracked 
|  53|0x0000000085d00000, 0x0000000085d00000, 0x0000000085e00000|  0%| F|  |TAMS 0x0000000085d00000, 0x0000000085d00000| Untracked 
|  54|0x0000000085e00000, 0x0000000085e00000, 0x0000000085f00000|  0%| F|  |TAMS 0x0000000085e00000, 0x0000000085e00000| Untracked 
|  55|0x0000000085f00000, 0x0000000085f00000, 0x0000000086000000|  0%| F|  |TAMS 0x0000000085f00000, 0x0000000085f00000| Untracked 
|  56|0x0000000086000000, 0x0000000086000000, 0x0000000086100000|  0%| F|  |TAMS 0x0000000086000000, 0x0000000086000000| Untracked 
|  57|0x0000000086100000, 0x0000000086100000, 0x0000000086200000|  0%| F|  |TAMS 0x0000000086100000, 0x0000000086100000| Untracked 
|  58|0x0000000086200000, 0x0000000086200000, 0x0000000086300000|  0%| F|  |TAMS 0x0000000086200000, 0x0000000086200000| Untracked 
|  59|0x0000000086300000, 0x0000000086300000, 0x0000000086400000|  0%| F|  |TAMS 0x0000000086300000, 0x0000000086300000| Untracked 
|  60|0x0000000086400000, 0x0000000086400000, 0x0000000086500000|  0%| F|  |TAMS 0x0000000086400000, 0x0000000086400000| Untracked 
|  61|0x0000000086500000, 0x0000000086500000, 0x0000000086600000|  0%| F|  |TAMS 0x0000000086500000, 0x0000000086500000| Untracked 
|  62|0x0000000086600000, 0x0000000086600000, 0x0000000086700000|  0%| F|  |TAMS 0x0000000086600000, 0x0000000086600000| Untracked 
|  63|0x0000000086700000, 0x0000000086700000, 0x0000000086800000|  0%| F|  |TAMS 0x0000000086700000, 0x0000000086700000| Untracked 
|  64|0x0000000086800000, 0x0000000086800000, 0x0000000086900000|  0%| F|  |TAMS 0x0000000086800000, 0x0000000086800000| Untracked 
|  65|0x0000000086900000, 0x0000000086900000, 0x0000000086a00000|  0%| F|  |TAMS 0x0000000086900000, 0x0000000086900000| Untracked 
|  66|0x0000000086a00000, 0x0000000086a00000, 0x0000000086b00000|  0%| F|  |TAMS 0x0000000086a00000, 0x0000000086a00000| Untracked 
|  67|0x0000000086b00000, 0x0000000086b00000, 0x0000000086c00000|  0%| F|  |TAMS 0x0000000086b00000, 0x0000000086b00000| Untracked 
|  68|0x0000000086c00000, 0x0000000086c00000, 0x0000000086d00000|  0%| F|  |TAMS 0x0000000086c00000, 0x0000000086c00000| Untracked 
|  69|0x0000000086d00000, 0x0000000086d00000, 0x0000000086e00000|  0%| F|  |TAMS 0x0000000086d00000, 0x0000000086d00000| Untracked 
|  70|0x0000000086e00000, 0x0000000086e00000, 0x0000000086f00000|  0%| F|  |TAMS 0x0000000086e00000, 0x0000000086e00000| Untracked 
|  71|0x0000000086f00000, 0x0000000086f00000, 0x0000000087000000|  0%| F|  |TAMS 0x0000000086f00000, 0x0000000086f00000| Untracked 
|  72|0x0000000087000000, 0x0000000087000000, 0x0000000087100000|  0%| F|  |TAMS 0x0000000087000000, 0x0000000087000000| Untracked 
|  73|0x0000000087100000, 0x0000000087100000, 0x0000000087200000|  0%| F|  |TAMS 0x0000000087100000, 0x0000000087100000| Untracked 
|  74|0x0000000087200000, 0x0000000087200000, 0x0000000087300000|  0%| F|  |TAMS 0x0000000087200000, 0x0000000087200000| Untracked 
|  75|0x0000000087300000, 0x0000000087300000, 0x0000000087400000|  0%| F|  |TAMS 0x0000000087300000, 0x0000000087300000| Untracked 
|  76|0x0000000087400000, 0x0000000087400000, 0x0000000087500000|  0%| F|  |TAMS 0x0000000087400000, 0x0000000087400000| Untracked 
|  77|0x0000000087500000, 0x0000000087500000, 0x0000000087600000|  0%| F|  |TAMS 0x0000000087500000, 0x0000000087500000| Untracked 
|  78|0x0000000087600000, 0x0000000087600000, 0x0000000087700000|  0%| F|  |TAMS 0x0000000087600000, 0x0000000087600000| Untracked 
|  79|0x0000000087700000, 0x0000000087700000, 0x0000000087800000|  0%| F|  |TAMS 0x0000000087700000, 0x0000000087700000| Untracked 
|  80|0x0000000087800000, 0x0000000087800000, 0x0000000087900000|  0%| F|  |TAMS 0x0000000087800000, 0x0000000087800000| Untracked 
|  81|0x0000000087900000, 0x0000000087900000, 0x0000000087a00000|  0%| F|  |TAMS 0x0000000087900000, 0x0000000087900000| Untracked 
|  82|0x0000000087a00000, 0x0000000087a00000, 0x0000000087b00000|  0%| F|  |TAMS 0x0000000087a00000, 0x0000000087a00000| Untracked 
|  83|0x0000000087b00000, 0x0000000087b00000, 0x0000000087c00000|  0%| F|  |TAMS 0x0000000087b00000, 0x0000000087b00000| Untracked 
|  84|0x0000000087c00000, 0x0000000087c00000, 0x0000000087d00000|  0%| F|  |TAMS 0x0000000087c00000, 0x0000000087c00000| Untracked 
|  85|0x0000000087d00000, 0x0000000087d00000, 0x0000000087e00000|  0%| F|  |TAMS 0x0000000087d00000, 0x0000000087d00000| Untracked 
|  86|0x0000000087e00000, 0x0000000087e00000, 0x0000000087f00000|  0%| F|  |TAMS 0x0000000087e00000, 0x0000000087e00000| Untracked 
|  87|0x0000000087f00000, 0x0000000087f00000, 0x0000000088000000|  0%| F|  |TAMS 0x0000000087f00000, 0x0000000087f00000| Untracked 
|  88|0x0000000088000000, 0x0000000088000000, 0x0000000088100000|  0%| F|  |TAMS 0x0000000088000000, 0x0000000088000000| Untracked 
|  89|0x0000000088100000, 0x0000000088100000, 0x0000000088200000|  0%| F|  |TAMS 0x0000000088100000, 0x0000000088100000| Untracked 
|  90|0x0000000088200000, 0x0000000088200000, 0x0000000088300000|  0%| F|  |TAMS 0x0000000088200000, 0x0000000088200000| Untracked 
|  91|0x0000000088300000, 0x0000000088300000, 0x0000000088400000|  0%| F|  |TAMS 0x0000000088300000, 0x0000000088300000| Untracked 
|  92|0x0000000088400000, 0x0000000088400000, 0x0000000088500000|  0%| F|  |TAMS 0x0000000088400000, 0x0000000088400000| Untracked 
|  93|0x0000000088500000, 0x0000000088500000, 0x0000000088600000|  0%| F|  |TAMS 0x0000000088500000, 0x0000000088500000| Untracked 
|  94|0x0000000088600000, 0x0000000088651470, 0x0000000088700000| 31%| S|CS|TAMS 0x0000000088600000, 0x0000000088600000| Complete 
|  95|0x0000000088700000, 0x0000000088800000, 0x0000000088800000|100%| S|CS|TAMS 0x0000000088700000, 0x0000000088700000| Complete 
|  96|0x0000000088800000, 0x0000000088900000, 0x0000000088900000|100%| S|CS|TAMS 0x0000000088800000, 0x0000000088800000| Complete 
|  97|0x0000000088900000, 0x0000000088900000, 0x0000000088a00000|  0%| F|  |TAMS 0x0000000088900000, 0x0000000088900000| Untracked 
|  98|0x0000000088a00000, 0x0000000088a00000, 0x0000000088b00000|  0%| F|  |TAMS 0x0000000088a00000, 0x0000000088a00000| Untracked 
|  99|0x0000000088b00000, 0x0000000088b00000, 0x0000000088c00000|  0%| F|  |TAMS 0x0000000088b00000, 0x0000000088b00000| Untracked 
| 100|0x0000000088c00000, 0x0000000088c00000, 0x0000000088d00000|  0%| F|  |TAMS 0x0000000088c00000, 0x0000000088c00000| Untracked 
| 101|0x0000000088d00000, 0x0000000088d00000, 0x0000000088e00000|  0%| F|  |TAMS 0x0000000088d00000, 0x0000000088d00000| Untracked 
| 102|0x0000000088e00000, 0x0000000088e00000, 0x0000000088f00000|  0%| F|  |TAMS 0x0000000088e00000, 0x0000000088e00000| Untracked 
| 103|0x0000000088f00000, 0x0000000088f00000, 0x0000000089000000|  0%| F|  |TAMS 0x0000000088f00000, 0x0000000088f00000| Untracked 
| 104|0x0000000089000000, 0x0000000089000000, 0x0000000089100000|  0%| F|  |TAMS 0x0000000089000000, 0x0000000089000000| Untracked 
| 105|0x0000000089100000, 0x000000008917a1e8, 0x0000000089200000| 47%| E|  |TAMS 0x0000000089100000, 0x0000000089100000| Complete 
| 106|0x0000000089200000, 0x0000000089300000, 0x0000000089300000|100%| E|CS|TAMS 0x0000000089200000, 0x0000000089200000| Complete 
| 107|0x0000000089300000, 0x0000000089400000, 0x0000000089400000|100%| E|CS|TAMS 0x0000000089300000, 0x0000000089300000| Complete 
| 108|0x0000000089400000, 0x0000000089500000, 0x0000000089500000|100%| E|CS|TAMS 0x0000000089400000, 0x0000000089400000| Complete 
| 109|0x0000000089500000, 0x0000000089600000, 0x0000000089600000|100%| E|CS|TAMS 0x0000000089500000, 0x0000000089500000| Complete 
| 110|0x0000000089600000, 0x0000000089700000, 0x0000000089700000|100%| E|CS|TAMS 0x0000000089600000, 0x0000000089600000| Complete 
| 111|0x0000000089700000, 0x0000000089800000, 0x0000000089800000|100%| E|CS|TAMS 0x0000000089700000, 0x0000000089700000| Complete 
| 112|0x0000000089800000, 0x0000000089900000, 0x0000000089900000|100%| E|CS|TAMS 0x0000000089800000, 0x0000000089800000| Complete 
| 113|0x0000000089900000, 0x0000000089a00000, 0x0000000089a00000|100%| E|CS|TAMS 0x0000000089900000, 0x0000000089900000| Complete 
| 114|0x0000000089a00000, 0x0000000089b00000, 0x0000000089b00000|100%| E|CS|TAMS 0x0000000089a00000, 0x0000000089a00000| Complete 
| 115|0x0000000089b00000, 0x0000000089c00000, 0x0000000089c00000|100%| E|CS|TAMS 0x0000000089b00000, 0x0000000089b00000| Complete 
| 116|0x0000000089c00000, 0x0000000089d00000, 0x0000000089d00000|100%| E|CS|TAMS 0x0000000089c00000, 0x0000000089c00000| Complete 
| 117|0x0000000089d00000, 0x0000000089e00000, 0x0000000089e00000|100%| E|CS|TAMS 0x0000000089d00000, 0x0000000089d00000| Complete 
| 118|0x0000000089e00000, 0x0000000089f00000, 0x0000000089f00000|100%| E|CS|TAMS 0x0000000089e00000, 0x0000000089e00000| Complete 
| 119|0x0000000089f00000, 0x000000008a000000, 0x000000008a000000|100%| E|CS|TAMS 0x0000000089f00000, 0x0000000089f00000| Complete 
| 120|0x000000008a000000, 0x000000008a100000, 0x000000008a100000|100%| E|CS|TAMS 0x000000008a000000, 0x000000008a000000| Complete 
| 121|0x000000008a100000, 0x000000008a200000, 0x000000008a200000|100%| E|CS|TAMS 0x000000008a100000, 0x000000008a100000| Complete 
| 122|0x000000008a200000, 0x000000008a300000, 0x000000008a300000|100%| E|CS|TAMS 0x000000008a200000, 0x000000008a200000| Complete 
| 123|0x000000008a300000, 0x000000008a400000, 0x000000008a400000|100%| E|CS|TAMS 0x000000008a300000, 0x000000008a300000| Complete 
| 124|0x000000008a400000, 0x000000008a500000, 0x000000008a500000|100%| E|CS|TAMS 0x000000008a400000, 0x000000008a400000| Complete 
| 125|0x000000008a500000, 0x000000008a600000, 0x000000008a600000|100%| E|CS|TAMS 0x000000008a500000, 0x000000008a500000| Complete 

Card table byte_map: [0x000001a8f6d00000,0x000001a8f70f0000] _byte_map_base: 0x000001a8f68ec000

Marking Bits (Prev, Next): (CMBitMap*) 0x000001a8ee5e8810, (CMBitMap*) 0x000001a8ee5e87d8
 Prev Bits: [0x000001a8f9440000, 0x000001a8fb3a0000)
 Next Bits: [0x000001a8f74e0000, 0x000001a8f9440000)

Polling page: 0x000001a8ec320000

Metaspace:

Usage:
  Non-class:     20.36 MB capacity,    20.14 MB ( 99%) used,   170.50 KB ( <1%) free+waste,    52.25 KB ( <1%) overhead. 
      Class:      2.21 MB capacity,     2.00 MB ( 90%) used,   194.41 KB (  9%) free+waste,    26.00 KB (  1%) overhead. 
       Both:     22.57 MB capacity,    22.13 MB ( 98%) used,   364.91 KB (  2%) free+waste,    78.25 KB ( <1%) overhead. 

Virtual space:
  Non-class space:       22.00 MB reserved,      20.42 MB ( 93%) committed 
      Class space:        1.00 GB reserved,       2.25 MB ( <1%) committed 
             Both:        1.02 GB reserved,      22.67 MB (  2%) committed 

Chunk freelists:
   Non-Class:  8.50 KB
       Class:  1.00 KB
        Both:  9.50 KB

CodeHeap 'non-profiled nmethods': size=120064Kb used=1244Kb max_used=1244Kb free=118820Kb
 bounds [0x000001a887ac0000, 0x000001a887d30000, 0x000001a88f000000]
CodeHeap 'profiled nmethods': size=120000Kb used=5322Kb max_used=5322Kb free=114677Kb
 bounds [0x000001a880590000, 0x000001a880ad0000, 0x000001a887ac0000]
CodeHeap 'non-nmethods': size=5696Kb used=1458Kb max_used=1502Kb free=4238Kb
 bounds [0x000001a880000000, 0x000001a880270000, 0x000001a880590000]
 total_blobs=4053 nmethods=2459 adapters=869
 compilation: enabled
              stopped_count=0, restarted_count=0
 full_count=0

Compilation events (10 events):
Event: 62.093 Thread 0x000001a8fd8be800 2458       4       com.sun.java.swing.SwingUtilities3::getDelegateRepaintManager (73 bytes)
Event: 62.095 Thread 0x000001a8fd8be800 nmethod 2458 0x000001a887bf4990 code [0x000001a887bf4b40, 0x000001a887bf4c48]
Event: 62.126 Thread 0x000001a8fd8be800 2459       4       java.util.IdentityHashMap$KeyIterator::next (13 bytes)
Event: 62.128 Thread 0x000001a8fd8be800 nmethod 2459 0x000001a887bf4e10 code [0x000001a887bf4fc0, 0x000001a887bf50d8]
Event: 62.142 Thread 0x000001a8fd8be800 2460       4       jogamp.opengl.gl4.GL4bcImpl::checkBufferObject (187 bytes)
Event: 62.161 Thread 0x000001a8fd8be800 nmethod 2460 0x000001a887bf5290 code [0x000001a887bf54a0, 0x000001a887bf5ee8]
Event: 62.173 Thread 0x000001a8fd8be800 2461       4       jogamp.opengl.GLBufferStateTracker::checkTargetName (157 bytes)
Event: 62.173 Thread 0x000001a8fd8be800 nmethod 2461 0x000001a887bf6a10 code [0x000001a887bf6ba0, 0x000001a887bf6bf8]
Event: 62.192 Thread 0x000001a8fd8be800 2462       4       java.awt.Rectangle::translate (197 bytes)
Event: 62.193 Thread 0x000001a8fd8be800 nmethod 2462 0x000001a887bf6c90 code [0x000001a887bf6e20, 0x000001a887bf6f18]

GC Heap History (6 events):
Event: 1.540 GC heap before
{Heap before GC invocations=0 (full 0):
 garbage-first heap   total 129024K, used 14336K [0x0000000082800000, 0x0000000100000000)
  region size 1024K, 14 young (14336K), 0 survivors (0K)
 Metaspace       used 14765K, capacity 15139K, committed 15232K, reserved 1062912K
  class space    used 1469K, capacity 1634K, committed 1664K, reserved 1048576K
}
Event: 1.591 GC heap after
{Heap after GC invocations=1 (full 0):
 garbage-first heap   total 129024K, used 3759K [0x0000000082800000, 0x0000000100000000)
  region size 1024K, 2 young (2048K), 2 survivors (2048K)
 Metaspace       used 14765K, capacity 15139K, committed 15232K, reserved 1062912K
  class space    used 1469K, capacity 1634K, committed 1664K, reserved 1048576K
}
Event: 2.912 GC heap before
{Heap before GC invocations=1 (full 0):
 garbage-first heap   total 129024K, used 28335K [0x0000000082800000, 0x0000000100000000)
  region size 1024K, 25 young (25600K), 2 survivors (2048K)
 Metaspace       used 20763K, capacity 21149K, committed 21296K, reserved 1069056K
  class space    used 1926K, capacity 2102K, committed 2176K, reserved 1048576K
}
Event: 2.918 GC heap after
{Heap after GC invocations=2 (full 0):
 garbage-first heap   total 129024K, used 6802K [0x0000000082800000, 0x0000000100000000)
  region size 1024K, 4 young (4096K), 4 survivors (4096K)
 Metaspace       used 20763K, capacity 21149K, committed 21296K, reserved 1069056K
  class space    used 1926K, capacity 2102K, committed 2176K, reserved 1048576K
}
Event: 17.095 GC heap before
{Heap before GC invocations=3 (full 0):
 garbage-first heap   total 129024K, used 40594K [0x0000000082800000, 0x0000000100000000)
  region size 1024K, 29 young (29696K), 4 survivors (4096K)
 Metaspace       used 22561K, capacity 23044K, committed 23216K, reserved 1071104K
  class space    used 2043K, capacity 2264K, committed 2304K, reserved 1048576K
}
Event: 17.100 GC heap after
{Heap after GC invocations=4 (full 0):
 garbage-first heap   total 129024K, used 15352K [0x0000000082800000, 0x0000000100000000)
  region size 1024K, 3 young (3072K), 3 survivors (3072K)
 Metaspace       used 22561K, capacity 23044K, committed 23216K, reserved 1071104K
  class space    used 2043K, capacity 2264K, committed 2304K, reserved 1048576K
}

Deoptimization events (10 events):
Event: 0.263 Thread 0x000001a8ee5ac000 Uncommon trap: reason=unstable_if action=reinterpret pc=0x000001a887acf090 method=java.lang.String.isLatin1()Z @ 10 c2
Event: 0.683 Thread 0x000001a8ee5ac000 Uncommon trap: reason=unstable_if action=reinterpret pc=0x000001a887aeb574 method=jdk.internal.org.objectweb.asm.Type.getArgumentsAndReturnSizes(Ljava/lang/String;)I @ 88 c2
Event: 0.750 Thread 0x000001a8ee5ac000 Uncommon trap: reason=class_check action=maybe_recompile pc=0x000001a887ace08c method=java.util.HashMap.putVal(ILjava/lang/Object;Ljava/lang/Object;ZZ)Ljava/lang/Object; @ 253 c2
Event: 0.750 Thread 0x000001a8ee5ac000 Uncommon trap: reason=class_check action=maybe_recompile pc=0x000001a887ace08c method=java.util.HashMap.putVal(ILjava/lang/Object;Ljava/lang/Object;ZZ)Ljava/lang/Object; @ 253 c2
Event: 0.750 Thread 0x000001a8ee5ac000 Uncommon trap: reason=class_check action=maybe_recompile pc=0x000001a887ace08c method=java.util.HashMap.putVal(ILjava/lang/Object;Ljava/lang/Object;ZZ)Ljava/lang/Object; @ 253 c2
Event: 0.750 Thread 0x000001a8ee5ac000 Uncommon trap: reason=class_check action=maybe_recompile pc=0x000001a887ace08c method=java.util.HashMap.putVal(ILjava/lang/Object;Ljava/lang/Object;ZZ)Ljava/lang/Object; @ 253 c2
Event: 1.424 Thread 0x000001a8ee5ac000 Uncommon trap: reason=unstable_if action=reinterpret pc=0x000001a887b04400 method=java.util.HashMap.putVal(ILjava/lang/Object;Ljava/lang/Object;ZZ)Ljava/lang/Object; @ 81 c2
Event: 2.788 Thread 0x000001a8ee5ac000 Uncommon trap: reason=unstable_if action=reinterpret pc=0x000001a887b25424 method=java.lang.reflect.AccessibleObject.checkCanSetAccessible(Ljava/lang/Class;Ljava/lang/Class;Z)Z @ 30 c2
Event: 2.808 Thread 0x000001a8ee5ac000 Uncommon trap: reason=unstable_if action=reinterpret pc=0x000001a887b0facc method=java.lang.StringUTF16.compress([CI[BII)I @ 20 c2
Event: 3.160 Thread 0x000001a8909ae800 Uncommon trap: reason=unstable_if action=reinterpret pc=0x000001a887b3b1c8 method=jogamp.opengl.util.jpeg.JPEGDecoder.clampTo8bit(F)B @ 14 c2

Classes redefined (0 events):
No events

Internal exceptions (10 events):
Event: 1.314 Thread 0x000001a8ee5ac000 Exception <a 'java/lang/NoSuchMethodError'{0x0000000089b287d8}: java.lang.invoke.DirectMethodHandle$Holder.invokeStatic(Ljava/lang/Object;J)Ljava/lang/Object;> (0x0000000089b287d8) thrown at [t:/workspace/open/src/hotspot/share/interpreter/linkResolver.cp
Event: 1.316 Thread 0x000001a8ee5ac000 Exception <a 'java/lang/NoSuchMethodError'{0x0000000089b368f0}: java.lang.invoke.DirectMethodHandle$Holder.invokeStaticInit(Ljava/lang/Object;Ljava/lang/Object;JLjava/lang/Object;)Ljava/lang/Object;> (0x0000000089b368f0) thrown at [t:/workspace/open/src/h
Event: 1.316 Thread 0x000001a8ee5ac000 Exception <a 'java/lang/NoSuchMethodError'{0x0000000089b3c798}: java.lang.invoke.DirectMethodHandle$Holder.invokeStatic(Ljava/lang/Object;Ljava/lang/Object;J)Ljava/lang/Object;> (0x0000000089b3c798) thrown at [t:/workspace/open/src/hotspot/share/interpret
Event: 1.316 Thread 0x000001a8ee5ac000 Exception <a 'java/lang/NoSuchMethodError'{0x0000000089b42a68}: java.lang.invoke.Invokers$Holder.linkToTargetMethod(Ljava/lang/Object;JLjava/lang/Object;)Ljava/lang/Object;> (0x0000000089b42a68) thrown at [t:/workspace/open/src/hotspot/share/interpreter/l
Event: 2.788 Thread 0x000001a8ee5ac000 Exception <a 'java/lang/NoSuchMethodError'{0x0000000088f05058}: java.lang.invoke.DirectMethodHandle$Holder.invokeStaticInit(Ljava/lang/Object;)V> (0x0000000088f05058) thrown at [t:/workspace/open/src/hotspot/share/interpreter/linkResolver.cpp, line 772]
Event: 2.828 Thread 0x000001a8ee5ac000 Exception <a 'java/lang/NoSuchMethodError'{0x0000000088e471a8}: java.lang.invoke.DirectMethodHandle$Holder.invokeStatic(Ljava/lang/Object;Ljava/lang/Object;Ljava/lang/Object;Ljava/lang/Object;Ljava/lang/Object;Ljava/lang/Object;Ljava/lang/Object;Ljava/lan
Event: 2.830 Thread 0x000001a8ee5ac000 Exception <a 'java/lang/NoSuchMethodError'{0x0000000088e653a8}: java.lang.invoke.DirectMethodHandle$Holder.invokeStatic(Ljava/lang/Object;Ljava/lang/Object;Ljava/lang/Object;Ljava/lang/Object;Ljava/lang/Object;Ljava/lang/Object;Ljava/lang/Object;Ljava/lan
Event: 2.832 Thread 0x000001a8ee5ac000 Exception <a 'java/lang/NoSuchMethodError'{0x0000000088e84580}: java.lang.invoke.DirectMethodHandle$Holder.invokeStatic(Ljava/lang/Object;Ljava/lang/Object;Ljava/lang/Object;Ljava/lang/Object;Ljava/lang/Object;Ljava/lang/Object;Ljava/lang/Object;Ljava/lan
Event: 2.833 Thread 0x000001a8ee5ac000 Exception <a 'java/lang/NoSuchMethodError'{0x0000000088e905d8}: java.lang.invoke.Invokers$Holder.linkToTargetMethod(Ljava/lang/Object;ILjava/lang/Object;)Ljava/lang/Object;> (0x0000000088e905d8) thrown at [t:/workspace/open/src/hotspot/share/interpreter/l
Event: 4.479 Thread 0x000001a8fe760800 Exception <a 'java/lang/NoSuchMethodError'{0x000000008942dab8}: java.lang.invoke.DirectMethodHandle$Holder.invokeVirtual(Ljava/lang/Object;Ljava/lang/Object;)V> (0x000000008942dab8) thrown at [t:/workspace/open/src/hotspot/share/interpreter/linkResolver.c

Events (10 events):
Event: 16.367 loading class com/jogamp/opengl/util/ImmModeSink
Event: 16.367 loading class com/jogamp/opengl/util/ImmModeSink done
Event: 17.095 Executing VM operation: G1CollectForAllocation
Event: 17.100 Executing VM operation: G1CollectForAllocation done
Event: 32.206 Thread 0x000001a8909ae800 DEOPT PACKING pc=0x000001a880928414 sp=0x00000031ef0fa330
Event: 32.206 Thread 0x000001a8909ae800 DEOPT UNPACKING pc=0x000001a880028d4e sp=0x00000031ef0f98b0 mode 0
Event: 55.142 Thread 0x000001a8909ae800 DEOPT PACKING pc=0x000001a880947ca6 sp=0x00000031ef0fa480
Event: 55.142 Thread 0x000001a8909ae800 DEOPT UNPACKING pc=0x000001a880028d4e sp=0x00000031ef0f9878 mode 0
Event: 60.357 loading class java/security/DomainCombiner
Event: 60.357 loading class java/security/DomainCombiner done


Dynamic libraries:
0x00007ff764180000 - 0x00007ff7641c7000 	C:\Program Files\Java\jdk-11.0.5\bin\java.exe
0x00007ffb88f60000 - 0x00007ffb89150000 	C:\WINDOWS\SYSTEM32\ntdll.dll
0x00007ffb88bd0000 - 0x00007ffb88c82000 	C:\WINDOWS\System32\KERNEL32.DLL
0x00007ffb86b60000 - 0x00007ffb86e04000 	C:\WINDOWS\System32\KERNELBASE.dll
0x00007ffb87ef0000 - 0x00007ffb87f93000 	C:\WINDOWS\System32\ADVAPI32.dll
0x00007ffb87140000 - 0x00007ffb871de000 	C:\WINDOWS\System32\msvcrt.dll
0x00007ffb877a0000 - 0x00007ffb87837000 	C:\WINDOWS\System32\sechost.dll
0x00007ffb87840000 - 0x00007ffb87960000 	C:\WINDOWS\System32\RPCRT4.dll
0x00007ffb87fa0000 - 0x00007ffb88134000 	C:\WINDOWS\System32\USER32.dll
0x00007ffb86e90000 - 0x00007ffb86eb1000 	C:\WINDOWS\System32\win32u.dll
0x00007ffb87110000 - 0x00007ffb87136000 	C:\WINDOWS\System32\GDI32.dll
0x00007ffb868c0000 - 0x00007ffb86a55000 	C:\WINDOWS\System32\gdi32full.dll
0x00007ffb86f70000 - 0x00007ffb8700e000 	C:\WINDOWS\System32\msvcp_win.dll
0x00007ffb86a60000 - 0x00007ffb86b5a000 	C:\WINDOWS\System32\ucrtbase.dll
0x00007ffb74dc0000 - 0x00007ffb75044000 	C:\WINDOWS\WinSxS\amd64_microsoft.windows.common-controls_6595b64144ccf1df_6.0.18362.900_none_e6beb9d913147d17\COMCTL32.dll
0x00007ffb87970000 - 0x00007ffb87ca5000 	C:\WINDOWS\System32\combase.dll
0x00007ffb75590000 - 0x00007ffb7559a000 	C:\WINDOWS\SYSTEM32\VERSION.dll
0x00007ffb85f70000 - 0x00007ffb85ff0000 	C:\WINDOWS\System32\bcryptPrimitives.dll
0x00007ffb87070000 - 0x00007ffb8709e000 	C:\WINDOWS\System32\IMM32.DLL
0x00007ffb835f0000 - 0x00007ffb83606000 	C:\Program Files\Java\jdk-11.0.5\bin\vcruntime140.dll
0x00007ffb55db0000 - 0x00007ffb55e5a000 	C:\Program Files\Java\jdk-11.0.5\bin\msvcp140.dll
0x00007ffb37780000 - 0x00007ffb382a8000 	C:\Program Files\Java\jdk-11.0.5\bin\server\jvm.dll
0x00007ffb87700000 - 0x00007ffb87708000 	C:\WINDOWS\System32\PSAPI.DLL
0x00007ffb75580000 - 0x00007ffb75589000 	C:\WINDOWS\SYSTEM32\WSOCK32.dll
0x00007ffb87710000 - 0x00007ffb8777f000 	C:\WINDOWS\System32\WS2_32.dll
0x00007ffb7c590000 - 0x00007ffb7c5b4000 	C:\WINDOWS\SYSTEM32\WINMM.dll
0x00007ffb7c560000 - 0x00007ffb7c58d000 	C:\WINDOWS\SYSTEM32\WINMMBASE.dll
0x00007ffb85ef0000 - 0x00007ffb85f3a000 	C:\WINDOWS\System32\cfgmgr32.dll
0x00007ffb85ed0000 - 0x00007ffb85ee1000 	C:\WINDOWS\System32\kernel.appcore.dll
0x00007ffb82b30000 - 0x00007ffb82b41000 	C:\Program Files\Java\jdk-11.0.5\bin\verify.dll
0x00007ffb84700000 - 0x00007ffb848f4000 	C:\WINDOWS\SYSTEM32\DBGHELP.DLL
0x00007ffb7e720000 - 0x00007ffb7e74a000 	C:\WINDOWS\SYSTEM32\dbgcore.DLL
0x00007ffb82a00000 - 0x00007ffb82a29000 	C:\Program Files\Java\jdk-11.0.5\bin\java.dll
0x00007ffb7b590000 - 0x00007ffb7b5bf000 	C:\Program Files\Java\jdk-11.0.5\bin\instrument.dll
0x00007ffb82390000 - 0x00007ffb823a6000 	C:\Program Files\Java\jdk-11.0.5\bin\zip.dll
0x00007ffb82b60000 - 0x00007ffb82b6a000 	C:\Program Files\Java\jdk-11.0.5\bin\jimage.dll
0x00007ffb88350000 - 0x00007ffb88a36000 	C:\WINDOWS\System32\SHELL32.dll
0x00007ffb871e0000 - 0x00007ffb87289000 	C:\WINDOWS\System32\shcore.dll
0x00007ffb85ff0000 - 0x00007ffb86770000 	C:\WINDOWS\System32\windows.storage.dll
0x00007ffb85ea0000 - 0x00007ffb85ec3000 	C:\WINDOWS\System32\profapi.dll
0x00007ffb85e50000 - 0x00007ffb85e9a000 	C:\WINDOWS\System32\powrprof.dll
0x00007ffb85e20000 - 0x00007ffb85e30000 	C:\WINDOWS\System32\UMPDC.dll
0x00007ffb87010000 - 0x00007ffb87062000 	C:\WINDOWS\System32\shlwapi.dll
0x00007ffb86e70000 - 0x00007ffb86e87000 	C:\WINDOWS\System32\cryptsp.dll
0x00007ffb82310000 - 0x00007ffb82329000 	C:\Program Files\Java\jdk-11.0.5\bin\net.dll
0x00007ffb83500000 - 0x00007ffb835f0000 	C:\WINDOWS\SYSTEM32\WINHTTP.dll
0x00007ffb85690000 - 0x00007ffb856f7000 	C:\WINDOWS\system32\mswsock.dll
0x00007ffb7f4d0000 - 0x00007ffb7f4e3000 	C:\Program Files\Java\jdk-11.0.5\bin\nio.dll
0x00007ffb7b410000 - 0x00007ffb7b42a000 	C:\Program Files\JetBrains\IntelliJ IDEA Community Edition 2019.3.1\bin\breakgen64.dll
0x00007ffb4a720000 - 0x00007ffb4a8bf000 	C:\Program Files\Java\jdk-11.0.5\bin\awt.dll
0x00007ffb88280000 - 0x00007ffb88345000 	C:\WINDOWS\System32\OLEAUT32.dll
0x00007ffb81a00000 - 0x00007ffb81fc0000 	C:\WINDOWS\SYSTEM32\d2d1.dll
0x00007ffb82b80000 - 0x00007ffb82c0f000 	C:\WINDOWS\SYSTEM32\apphelp.dll
0x00007ffb83f70000 - 0x00007ffb83f9d000 	C:\WINDOWS\system32\DWMAPI.DLL
0x00007ffb82db0000 - 0x00007ffb82e49000 	C:\WINDOWS\system32\uxtheme.dll
0x00007ffb5bb60000 - 0x00007ffb5bcb6000 	C:\WINDOWS\system32\opengl32.dll
0x00007ffb5c060000 - 0x00007ffb5c08c000 	C:\WINDOWS\SYSTEM32\GLU32.dll
0x00007ffb84a90000 - 0x00007ffb84ab0000 	C:\WINDOWS\SYSTEM32\dxcore.dll
0x00007ffb88140000 - 0x00007ffb88275000 	C:\WINDOWS\System32\MSCTF.dll
0x00007ffb88d40000 - 0x00007ffb88e97000 	C:\WINDOWS\System32\ole32.dll
0x00007ffb85200000 - 0x00007ffb85233000 	C:\WINDOWS\system32\rsaenh.dll
0x00007ffb85f40000 - 0x00007ffb85f66000 	C:\WINDOWS\System32\bcrypt.dll
0x00007ffb85d40000 - 0x00007ffb85d65000 	C:\WINDOWS\SYSTEM32\USERENV.dll
0x00007ffb85860000 - 0x00007ffb8586c000 	C:\WINDOWS\SYSTEM32\CRYPTBASE.dll
0x00007ffb853a0000 - 0x00007ffb853da000 	C:\WINDOWS\SYSTEM32\IPHLPAPI.DLL
0x00007ffb87e60000 - 0x00007ffb87e68000 	C:\WINDOWS\System32\NSI.dll
0x00007ffb7e050000 - 0x00007ffb7e066000 	C:\WINDOWS\SYSTEM32\dhcpcsvc6.DLL
0x00007ffb7e520000 - 0x00007ffb7e53c000 	C:\WINDOWS\SYSTEM32\dhcpcsvc.DLL
0x00007ffb853e0000 - 0x00007ffb854ab000 	C:\WINDOWS\SYSTEM32\DNSAPI.dll
0x00000000637c0000 - 0x00000000637cd000 	C:\Users\morm4\AppData\Local\Temp\jogamp_0000\file_cache\jln4712201941845887383\jln16094087546388546521\natives\windows-amd64\gluegen-rt.dll
0x00007ffb82400000 - 0x00007ffb82407000 	C:\Program Files\Java\jdk-11.0.5\bin\jawt.dll
0x000000006a440000 - 0x000000006a44d000 	C:\Users\morm4\AppData\Local\Temp\jogamp_0000\file_cache\jln4712201941845887383\jln16094087546388546521\natives\windows-amd64\nativewindow_awt.dll
0x000000006c100000 - 0x000000006c10f000 	C:\Users\morm4\AppData\Local\Temp\jogamp_0000\file_cache\jln4712201941845887383\jln16094087546388546521\natives\windows-amd64\nativewindow_win32.dll
0x0000000064500000 - 0x00000000645b1000 	C:\Users\morm4\AppData\Local\Temp\jogamp_0000\file_cache\jln4712201941845887383\jln16094087546388546521\natives\windows-amd64\jogl_desktop.dll
0x0000000064340000 - 0x00000000643a2000 	C:\Users\morm4\AppData\Local\Temp\jogamp_0000\file_cache\jln4712201941845887383\jln16094087546388546521\natives\windows-amd64\jogl_mobile.dll
0x00007ffb1dd30000 - 0x00007ffb1ebef000 	C:\WINDOWS\System32\DriverStore\FileRepository\igdlh64.inf_amd64_1a33d2f73651d989\ig9icd64.dll
0x00007ffb84900000 - 0x00007ffb84913000 	C:\WINDOWS\SYSTEM32\WTSAPI32.dll
0x00007ffb84bf0000 - 0x00007ffb84cdb000 	C:\WINDOWS\SYSTEM32\dxgi.dll
0x00007ffb763b0000 - 0x00007ffb78145000 	C:\WINDOWS\System32\DriverStore\FileRepository\igdlh64.inf_amd64_1a33d2f73651d989\igc64.dll
0x00007ffb55430000 - 0x00007ffb554b3000 	C:\Program Files\Java\jdk-11.0.5\bin\freetype.dll
0x00007ffb54950000 - 0x00007ffb549fb000 	C:\Program Files\Java\jdk-11.0.5\bin\fontmanager.dll
0x00007ffb73350000 - 0x00007ffb733ee000 	C:\WINDOWS\System32\TextInputFramework.dll
0x00007ffb7b030000 - 0x00007ffb7b35a000 	C:\WINDOWS\System32\CoreUIComponents.dll
0x00007ffb82600000 - 0x00007ffb826d4000 	C:\WINDOWS\System32\CoreMessaging.dll
0x00007ffb84e80000 - 0x00007ffb84eb1000 	C:\WINDOWS\SYSTEM32\ntmarta.dll
0x00007ffb811c0000 - 0x00007ffb81313000 	C:\WINDOWS\SYSTEM32\wintypes.dll
0x00007ffb62210000 - 0x00007ffb62275000 	C:\WINDOWS\system32\Oleacc.dll
0x00007ffb707a0000 - 0x00007ffb70a46000 	C:\WINDOWS\System32\iertutil.dll

dbghelp: loaded successfully - version: 4.0.5 - missing functions: none
symbol engine: initialized successfully - sym options: 0x614 - pdb path: .;C:\Program Files\Java\jdk-11.0.5\bin;C:\WINDOWS\SYSTEM32;C:\WINDOWS\WinSxS\amd64_microsoft.windows.common-controls_6595b64144ccf1df_6.0.18362.900_none_e6beb9d913147d17;C:\Program Files\Java\jdk-11.0.5\bin\server;C:\Program Files\JetBrains\IntelliJ IDEA Community Edition 2019.3.1\bin;C:\Users\morm4\AppData\Local\Temp\jogamp_0000\file_cache\jln4712201941845887383\jln16094087546388546521\natives\windows-amd64;C:\WINDOWS\System32\DriverStore\FileRepository\igdlh64.inf_amd64_1a33d2f73651d989

VM Arguments:
jvm_args: -javaagent:C:\Program Files\JetBrains\IntelliJ IDEA Community Edition 2019.3.1\lib\idea_rt.jar=63098:C:\Program Files\JetBrains\IntelliJ IDEA Community Edition 2019.3.1\bin -Dfile.encoding=UTF-8 
java_command: edu.cg.Main
java_class_path (initial): C:\Users\morm4\OneDrive\Desktop\git\Computer_Graphics\3D-Racing-Game\out\production\3D-Racing-Game;C:\Users\morm4\OneDrive\Desktop\git\Computer_Graphics\3D-Racing-Game\jogl\jar\jogl-all.jar;C:\Users\morm4\OneDrive\Desktop\git\Computer_Graphics\3D-Racing-Game\jogl\jar\gluegen-rt.jar
Launcher Type: SUN_STANDARD

[Global flags]
     intx CICompilerCount                          = 3                                         {product} {ergonomic}
     uint ConcGCThreads                            = 1                                         {product} {ergonomic}
     uint G1ConcRefinementThreads                  = 4                                         {product} {ergonomic}
   size_t G1HeapRegionSize                         = 1048576                                   {product} {ergonomic}
    uintx GCDrainStackTargetSize                   = 64                                        {product} {ergonomic}
   size_t InitialHeapSize                          = 132120576                                 {product} {ergonomic}
   size_t MarkStackSize                            = 4194304                                   {product} {ergonomic}
   size_t MaxHeapSize                              = 2105540608                                {product} {ergonomic}
   size_t MaxNewSize                               = 1262485504                                {product} {ergonomic}
   size_t MinHeapDeltaBytes                        = 1048576                                   {product} {ergonomic}
    uintx NonNMethodCodeHeapSize                   = 5830732                                {pd product} {ergonomic}
    uintx NonProfiledCodeHeapSize                  = 122913754                              {pd product} {ergonomic}
    uintx ProfiledCodeHeapSize                     = 122913754                              {pd product} {ergonomic}
    uintx ReservedCodeCacheSize                    = 251658240                              {pd product} {ergonomic}
     bool SegmentedCodeCache                       = true                                      {product} {ergonomic}
     bool UseCompressedClassPointers               = true                                 {lp64_product} {ergonomic}
     bool UseCompressedOops                        = true                                 {lp64_product} {ergonomic}
     bool UseG1GC                                  = true                                      {product} {ergonomic}
     bool UseLargePagesIndividualAllocation        = false                                  {pd product} {ergonomic}

Logging:
Log output configuration:
 #0: stdout all=warning uptime,level,tags
 #1: stderr all=off uptime,level,tags

Environment Variables:
JAVA_HOME=C:\Program Files\Java\jdk-11.0.5
PATH=C:\Program Files\Haskell\bin;C:\Program Files\Haskell Platform\8.6.3\lib\extralibs\bin;C:\Program Files\Haskell Platform\8.6.3\bin;C:\Program Files (x86)\Intel\iCLS Client\;C:\Program Files\Intel\iCLS Client\;C:\WINDOWS\system32;C:\WINDOWS;C:\WINDOWS\System32\Wbem;C:\WINDOWS\System32\WindowsPowerShell\v1.0\;C:\Program Files (x86)\Intel\Intel(R) Management Engine Components\DAL;C:\Program Files\Intel\Intel(R) Management Engine Components\DAL;C:\Program Files (x86)\Intel\Intel(R) Management Engine Components\IPT;C:\Program Files\Intel\Intel(R) Management Engine Components\IPT;C:\Program Files\Java\jdk-11.0.5\bin;C:\WINDOWS\System32\OpenSSH\;C:\Program Files\Git\cmd;C:\Program Files\nodejs\;C:\Program Files\Haskell Platform\8.6.3\mingw\bin;C:\Users\morm4\AppData\Roaming\Microsoft\Windows\Start Menu\Programs\Python 3.7;C:\Program Files (x86)\Yarn\bin\;C:\Users\morm4\AppData\Roaming\cabal\bin;C:\Users\morm4\AppData\Roaming\local\bin;C:\Users\morm4\AppData\Local\Microsoft\WindowsApps;C:\Users\morm4\AppData\Roaming\npm;C:\Users\morm4\AppData\Local\Programs\Microsoft VS Code\bin;C:\Program Files\heroku\bin;C:\Users\morm4\AppData\Roaming\Microsoft\Windows\Start Menu\Programs\Python 3.7;C:\Users\morm4\AppData\Local\Programs\Python\Python37-32;C:\Users\morm4\AppData\Local\Yarn\bin;C:\Program Files\Java\jdk-11.0.5\bin;
USERNAME=morm4
OS=Windows_NT
PROCESSOR_IDENTIFIER=Intel64 Family 6 Model 142 Stepping 9, GenuineIntel



---------------  S Y S T E M  ---------------

OS: Windows 10 , 64 bit Build 18362 (10.0.18362.900)

CPU:total 4 (initial active 4) (2 cores per cpu, 2 threads per core) family 6 model 142 stepping 9, cmov, cx8, fxsr, mmx, sse, sse2, sse3, ssse3, sse4.1, sse4.2, popcnt, avx, avx2, aes, clmul, erms, 3dnowpref, lzcnt, ht, tsc, tscinvbit, bmi1, bmi2, adx, fma

Memory: 4k page, system-wide physical 8025M (1218M free)
TotalPageFile size 13916M (AvailPageFile size 1905M)
current process WorkingSet (physical memory assigned to process): 168M, peak: 188M
current process commit charge ("private bytes"): 254M, peak: 275M

vm_info: Java HotSpot(TM) 64-Bit Server VM (11.0.5+10-LTS) for windows-amd64 JRE (11.0.5+10-LTS), built on Oct  6 2019 12:37:14 by "mach5one" with MS VC++ 15.5 (VS2017)

END.
